<?xml version="1.0" encoding="UTF-8"?>
<testsuite xmlns:xsi="http://www.w3.org/2001/XMLSchema-instance" xsi:noNamespaceSchemaLocation="https://maven.apache.org/surefire/maven-surefire-plugin/xsd/surefire-test-report.xsd" version="3.0.2" name="pl.piomin.services.PersonControllerTests" time="7.688" tests="4" errors="0" skipped="0" failures="0" flakes="0">
  <properties>
[...]
</properties>
  <testcase name="add" classname="pl.piomin.services.PersonControllerTests" time="1.236">
    <system-out><![CDATA[15:59:07.466 [main] INFO org.springframework.test.context.support.AnnotationConfigContextLoaderUtils -- Could not detect default configuration classes for test class [pl.piomin.services.PersonControllerTests]: PersonControllerTests does not declare any static, non-private, non-final, nested classes annotated with @Configuration.
15:59:07.568 [main] INFO org.springframework.boot.test.context.SpringBootTestContextBootstrapper -- Found @SpringBootConfiguration pl.piomin.services.Application for test class pl.piomin.services.PersonControllerTests
15:59:07.686 [main] INFO org.springframework.test.context.support.AnnotationConfigContextLoaderUtils -- Could not detect default configuration classes for test class [pl.piomin.services.PersonControllerTests]: PersonControllerTests does not declare any static, non-private, non-final, nested classes annotated with @Configuration.
15:59:07.691 [main] INFO org.springframework.boot.test.context.SpringBootTestContextBootstrapper -- Found @SpringBootConfiguration pl.piomin.services.Application for test class pl.piomin.services.PersonControllerTests
15:59:07.776 [main] INFO org.springframework.boot.devtools.restart.RestartApplicationListener -- Restart disabled due to context in which it is running

  .   ____          _            __ _ _
 /\\ / ___'_ __ _ _(_)_ __  __ _ \ \ \ \
( ( )\___ | '_ | '_| | '_ \/ _` | \ \ \ \
 \\/  ___)| |_)| | | | | || (_| |  ) ) ) )
  '  |____| .__|_| |_|_| |_\__, | / / / /
 =========|_|==============|___/=/_/_/_/

 :: Spring Boot ::                (v4.1.1)

2026-09-19T15:59:08.142Z  INFO 3785 --- [sample-ocp-app] [           main] p.piomin.services.PersonControllerTests  : Starting PersonControllerTests using Java 17.0.20.1 with PID 3785 (started by runner in /home/runner/work/sample-ocp-app/sample-ocp-app)
2026-09-19T15:59:08.144Z  INFO 3785 --- [sample-ocp-app] [           main] p.piomin.services.PersonControllerTests  : No active profile set, falling back to 1 default profile: "default"
2026-09-19T15:59:09.282Z  INFO 3785 --- [sample-ocp-app] [           main] .s.d.r.c.RepositoryConfigurationDelegate : Bootstrapping Spring Data JPA repositories in DEFAULT mode.
2026-09-19T15:59:09.322Z  INFO 3785 --- [sample-ocp-app] [           main] .s.d.r.c.RepositoryConfigurationDelegate : Finished Spring Data repository scanning in 31 ms. Found 1 JPA repository interface.
2026-09-19T15:59:09.935Z  INFO 3785 --- [sample-ocp-app] [           main] o.s.boot.tomcat.TomcatWebServer          : Tomcat initialized with port 0 (http)
2026-09-19T15:59:09.955Z  INFO 3785 --- [sample-ocp-app] [           main] o.apache.catalina.core.StandardService   : Starting service [Tomcat]
2026-09-19T15:59:09.955Z  INFO 3785 --- [sample-ocp-app] [           main] o.apache.catalina.core.StandardEngine    : Starting Servlet engine: [Apache Tomcat/11.0.24]
2026-09-19T15:59:10.016Z  INFO 3785 --- [sample-ocp-app] [           main] b.w.c.s.WebApplicationContextInitializer : Root WebApplicationContext: initialization completed in 1828 ms
2026-09-19T15:59:10.346Z  INFO 3785 --- [sample-ocp-app] [           main] org.hibernate.orm.jpa                    : HHH008540: Processing PersistenceUnitInfo [name: default]
2026-09-19T15:59:10.402Z  INFO 3785 --- [sample-ocp-app] [           main] org.hibernate.orm.core                   : HHH000001: Hibernate ORM core version 7.4.5.Final
2026-09-19T15:59:10.826Z  INFO 3785 --- [sample-ocp-app] [           main] o.s.o.j.p.SpringPersistenceUnitInfo      : No LoadTimeWeaver setup: ignoring JPA class transformer
2026-09-19T15:59:10.867Z  INFO 3785 --- [sample-ocp-app] [           main] com.zaxxer.hikari.HikariDataSource       : HikariPool-1 - Starting...
2026-09-19T15:59:11.055Z  INFO 3785 --- [sample-ocp-app] [           main] com.zaxxer.hikari.pool.HikariPool        : HikariPool-1 - Added connection conn0: url=jdbc:h2:mem:testdb user=SA
2026-09-19T15:59:11.058Z  INFO 3785 --- [sample-ocp-app] [           main] com.zaxxer.hikari.HikariDataSource       : HikariPool-1 - Start completed.
2026-09-19T15:59:11.090Z  WARN 3785 --- [sample-ocp-app] [           main] org.hibernate.orm.deprecation            : HHH90000025: H2Dialect does not need to be specified explicitly using 'hibernate.dialect' (remove the property setting and it will be selected by default)
2026-09-19T15:59:11.128Z  INFO 3785 --- [sample-ocp-app] [           main] org.hibernate.orm.connections.pooling    : HHH10001005: Database info:
	Database JDBC URL [jdbc:h2:mem:testdb]
	Database driver: H2 JDBC Driver
	Database dialect: H2Dialect
	Database version: 2.4.240
	Default catalog/schema: TESTDB/PUBLIC
	Autocommit mode: undefined/unknown
	Isolation level: READ_COMMITTED [default READ_COMMITTED]
	JDBC fetch size: 100
	Pool: DataSourceConnectionProvider
	Minimum pool size: undefined/unknown
	Maximum pool size: undefined/unknown
2026-09-19T15:59:11.987Z  INFO 3785 --- [sample-ocp-app] [           main] org.hibernate.orm.core                   : HHH000489: No JTA platform available (set 'hibernate.transaction.jta.platform' to enable JTA platform integration)
Hibernate: drop table if exists person cascade 
Hibernate: create table person (age integer not null, id bigint generated by default as identity, first_name varchar(255), gender varchar(255), last_name varchar(255), primary key (id))
2026-09-19T15:59:12.035Z  INFO 3785 --- [sample-ocp-app] [           main] j.LocalContainerEntityManagerFactoryBean : Initialized JPA EntityManagerFactory for persistence unit 'default'
2026-09-19T15:59:12.142Z  INFO 3785 --- [sample-ocp-app] [           main] o.s.d.j.r.query.QueryEnhancerFactories   : Hibernate is in classpath; If applicable, HQL parser will be used.
2026-09-19T15:59:12.378Z  WARN 3785 --- [sample-ocp-app] [           main] JpaBaseConfiguration$JpaWebConfiguration : spring.jpa.open-in-view is enabled by default. Therefore, database queries may be performed during view rendering. Explicitly configure spring.jpa.open-in-view to disable this warning
2026-09-19T15:59:13.148Z  INFO 3785 --- [sample-ocp-app] [           main] o.s.b.a.e.web.EndpointLinksResolver      : Exposing 12 endpoints beneath base path '/actuator'
2026-09-19T15:59:13.262Z  INFO 3785 --- [sample-ocp-app] [           main] o.s.boot.tomcat.TomcatWebServer          : Tomcat started on port 33339 (http) with context path '/'
2026-09-19T15:59:13.281Z  INFO 3785 --- [sample-ocp-app] [           main] p.piomin.services.PersonControllerTests  : Started PersonControllerTests in 5.521 seconds (process running for 6.785)
2026-09-19T15:59:13.407Z  WARN 3785 --- [sample-ocp-app] [           main] o.s.core.events.SpringDocAppInitializer  : SpringDoc /v3/api-docs endpoint is enabled by default. To disable it in production, set the property 'springdoc.api-docs.enabled=false'
2026-09-19T15:59:13.411Z  WARN 3785 --- [sample-ocp-app] [           main] o.s.core.events.SpringDocAppInitializer  : SpringDoc /swagger-ui.html endpoint is enabled by default. To disable it in production, set the property 'springdoc.swagger-ui.enabled=false'
2026-09-19T15:59:14.339Z  INFO 3785 --- [sample-ocp-app] [o-auto-1-exec-1] o.a.c.c.C.[Tomcat].[localhost].[/]       : Initializing Spring DispatcherServlet 'dispatcherServlet'
2026-09-19T15:59:14.339Z  INFO 3785 --- [sample-ocp-app] [o-auto-1-exec-1] o.s.web.servlet.DispatcherServlet        : Initializing Servlet 'dispatcherServlet'
2026-09-19T15:59:14.341Z  INFO 3785 --- [sample-ocp-app] [o-auto-1-exec-1] o.s.web.servlet.DispatcherServlet        : Completed initialization in 2 ms
Hibernate: insert into person (age,first_name,gender,last_name,id) values (?,?,?,?,default)
2026-09-19T15:59:14.553Z  INFO 3785 --- [sample-ocp-app] [o-auto-1-exec-1] p.piomin.services.service.PersonService  : Added: Person{id=1, firstName='EGTUXT', lastName='VAJNQDXWZ', age=6032, gender='PABVQRRW'}
]]></system-out>
  </testcase>
  <testcase name="findAll" classname="pl.piomin.services.PersonControllerTests" time="0.201">
    <system-out><![CDATA[Hibernate: select p1_0.id,p1_0.age,p1_0.first_name,p1_0.gender,p1_0.last_name from person p1_0
]]></system-out>
  </testcase>
  <testcase name="findById" classname="pl.piomin.services.PersonControllerTests" time="0.034">
    <system-out><![CDATA[Hibernate: select p1_0.id,p1_0.age,p1_0.first_name,p1_0.gender,p1_0.last_name from person p1_0 where p1_0.id=?
]]></system-out>
  </testcase>
  <testcase name="delete" classname="pl.piomin.services.PersonControllerTests" time="0.038">
    <system-out><![CDATA[Hibernate: select p1_0.id,p1_0.age,p1_0.first_name,p1_0.gender,p1_0.last_name from person p1_0 where p1_0.id=?
Hibernate: delete from person where id=?
2026-09-19T15:59:14.919Z  INFO 3785 --- [sample-ocp-app] [o-auto-1-exec-4] p.piomin.services.service.PersonService  : Removed: 1
Hibernate: select p1_0.id,p1_0.age,p1_0.first_name,p1_0.gender,p1_0.last_name from person p1_0 where p1_0.id=?
]]></system-out>
  </testcase>
</testsuite>